<?xml version="1.0" encoding="UTF-8"?>
<!-- Generated by org.testng.reporters.JUnitReportReporter -->
<testsuite skipped="0" hostname="LAPTOP-G4GCV05D" name="AlertHandling.AlertBoxHandling" tests="3" failures="0" timestamp="2020-07-03T18:38:03 IST" time="11.276" errors="0">
  <testcase name="alertBox" time="5.108" classname="AlertHandling.AlertBoxHandling"/>
  <system-out/>
  <testcase name="confirmBox" time="3.071" classname="AlertHandling.AlertBoxHandling"/>
  <system-out/>
  <testcase name="promptBox" time="3.097" classname="AlertHandling.AlertBoxHandling"/>
  <system-out/>
</testsuite> <!-- AlertHandling.AlertBoxHandling -->
