<?xml version="1.0" encoding="UTF-8"?>
<!-- Generated by org.testng.reporters.JUnitReportReporter -->
<testsuite skipped="0" hostname="LAPTOP-G4GCV05D" name="MouseHandling.MouseOperationsHandling" tests="4" failures="0" timestamp="2020-07-06T08:33:22 IST" time="27.579" errors="0">
  <testcase name="clickMenu" time="0.252" classname="MouseHandling.MouseOperationsHandling"/>
  <system-out/>
  <testcase name="subMenu" time="10.577" classname="MouseHandling.MouseOperationsHandling"/>
  <system-out/>
  <testcase name="contextClick" time="5.179" classname="MouseHandling.MouseOperationsHandling"/>
  <system-out/>
  <testcase name="dragAndDrop" time="11.571" classname="MouseHandling.MouseOperationsHandling"/>
  <system-out/>
</testsuite> <!-- MouseHandling.MouseOperationsHandling -->
