<?xml version="1.0" encoding="UTF-8"?>
<!-- Generated by org.testng.reporters.JUnitReportReporter -->
<testsuite skipped="0" hostname="LAPTOP-G4GCV05D" name="WindowHandling.WindowsOperations" tests="1" failures="0" timestamp="2020-07-06T09:14:49 IST" time="2.354" errors="0">
  <testcase name="clickWindow" time="2.354" classname="WindowHandling.WindowsOperations"/>
  <system-out/>
</testsuite> <!-- WindowHandling.WindowsOperations -->
