<?xml version="1.0" encoding="UTF-8"?>
<!-- Generated by org.testng.reporters.JUnitReportReporter -->
<testsuite skipped="0" hostname="LAPTOP-G4GCV05D" name="FrameHandling.iFrameHandling" tests="1" failures="0" timestamp="2020-07-06T09:35:59 IST" time="0.107" errors="0">
  <testcase name="iFrame" time="0.107" classname="FrameHandling.iFrameHandling"/>
  <system-out/>
</testsuite> <!-- FrameHandling.iFrameHandling -->
